Practice_8/yandexmaps/build/intermediates/manifest_merge_blame_file/debug/processDebugMainManifest/manifest-merger-blame-debug-report.txt
1<?xml version="1.0" encoding="utf-8"?>
2<manifest xmlns:android="http://schemas.android.com/apk/res/android"
3    package="ru.mirea.elkinasa.yandexmaps"
4    android:versionCode="1"
5    android:versionName="1.0" >
6
7    <uses-sdk
7-->INJECTED
8        android:minSdkVersion="26"
8-->INJECTED
9        android:targetSdkVersion="36" />
9-->INJECTED
10
11    <uses-permission android:name="android.permission.INTERNET" />
11-->src\main\AndroidManifest.xml:4:5-67
11-->src\main\AndroidManifest.xml:4:22-64
12    <uses-permission android:name="android.permission.ACCESS_FINE_LOCATION" />
12-->src\main\AndroidManifest.xml:5:5-79
12-->src\main\AndroidManifest.xml:5:22-76
13    <uses-permission android:name="android.permission.ACCESS_COARSE_LOCATION" />
13-->src\main\AndroidManifest.xml:6:5-81
13-->src\main\AndroidManifest.xml:6:22-78
14    <uses-permission android:name="android.permission.ACCESS_BACKGROUND_LOCATION" />
14-->src\main\AndroidManifest.xml:7:5-85
14-->src\main\AndroidManifest.xml:7:22-82
15    <uses-permission android:name="android.permission.ACCESS_NETWORK_STATE" />
15-->[com.yandex.android:maps.mobile:4.3.1-full] AndroidManifest.xml:13:5-79
15-->[com.yandex.android:maps.mobile:4.3.1-full] AndroidManifest.xml:13:22-76
16    <uses-permission android:name="android.permission.ACCESS_WIFI_STATE" />
16-->[com.yandex.android:maps.mobile:4.3.1-full] AndroidManifest.xml:15:5-76
16-->[com.yandex.android:maps.mobile:4.3.1-full] AndroidManifest.xml:15:22-73
17    <uses-permission android:name="android.permission.CHANGE_WIFI_STATE" />
17-->[com.yandex.android:maps.mobile:4.3.1-full] AndroidManifest.xml:16:5-76
17-->[com.yandex.android:maps.mobile:4.3.1-full] AndroidManifest.xml:16:22-73
18    <uses-permission android:name="android.permission.WAKE_LOCK" />
18-->[com.yandex.android:maps.mobile:4.3.1-full] AndroidManifest.xml:21:5-68
18-->[com.yandex.android:maps.mobile:4.3.1-full] AndroidManifest.xml:21:22-65
19    <uses-permission android:name="android.permission.RECEIVE_BOOT_COMPLETED" />
19-->[com.yandex.android:maps.mobile:4.3.1-full] AndroidManifest.xml:22:5-81
19-->[com.yandex.android:maps.mobile:4.3.1-full] AndroidManifest.xml:22:22-78
20
21    <permission
21-->[androidx.core:core:1.18.0] AndroidManifest.xml:22:5-24:47
22        android:name="ru.mirea.elkinasa.yandexmaps.DYNAMIC_RECEIVER_NOT_EXPORTED_PERMISSION"
22-->[androidx.core:core:1.18.0] AndroidManifest.xml:23:9-81
23        android:protectionLevel="signature" />
23-->[androidx.core:core:1.18.0] AndroidManifest.xml:24:9-44
24
25    <uses-permission android:name="ru.mirea.elkinasa.yandexmaps.DYNAMIC_RECEIVER_NOT_EXPORTED_PERMISSION" />
25-->[androidx.core:core:1.18.0] AndroidManifest.xml:26:5-97
25-->[androidx.core:core:1.18.0] AndroidManifest.xml:26:22-94
26
27    <application
27-->src\main\AndroidManifest.xml:9:5-26:19
28        android:name="ru.mirea.elkinasa.yandexmaps.App"
28-->src\main\AndroidManifest.xml:10:9-28
29        android:allowBackup="true"
29-->src\main\AndroidManifest.xml:11:9-35
30        android:appComponentFactory="androidx.core.app.CoreComponentFactory"
30-->[androidx.core:core:1.18.0] AndroidManifest.xml:28:18-86
31        android:debuggable="true"
32        android:extractNativeLibs="false"
32-->INJECTED
33        android:icon="@mipmap/ic_launcher"
33-->src\main\AndroidManifest.xml:12:9-43
34        android:label="@string/app_name"
34-->src\main\AndroidManifest.xml:13:9-41
35        android:roundIcon="@mipmap/ic_launcher_round"
35-->src\main\AndroidManifest.xml:14:9-54
36        android:supportsRtl="true"
36-->src\main\AndroidManifest.xml:15:9-35
37        android:testOnly="true"
38        android:theme="@style/Theme.Lesson8" >
38-->src\main\AndroidManifest.xml:16:9-45
39        <activity
39-->src\main\AndroidManifest.xml:17:9-25:20
40            android:name="ru.mirea.elkinasa.yandexmaps.MainActivity"
40-->src\main\AndroidManifest.xml:18:13-41
41            android:exported="true" >
41-->src\main\AndroidManifest.xml:19:13-36
42            <intent-filter>
42-->src\main\AndroidManifest.xml:20:13-24:29
43                <action android:name="android.intent.action.MAIN" />
43-->src\main\AndroidManifest.xml:21:17-69
43-->src\main\AndroidManifest.xml:21:25-66
44
45                <category android:name="android.intent.category.LAUNCHER" />
45-->src\main\AndroidManifest.xml:23:17-77
45-->src\main\AndroidManifest.xml:23:27-74
46            </intent-filter>
47        </activity>
48
49        <meta-data
49-->[com.yandex.android:maps.mobile:4.3.1-full] AndroidManifest.xml:25:9-27:38
50            android:name="yandex.maps.runtime.stl.linkage"
50-->[com.yandex.android:maps.mobile:4.3.1-full] AndroidManifest.xml:26:13-59
51            android:value="static" />
51-->[com.yandex.android:maps.mobile:4.3.1-full] AndroidManifest.xml:27:13-35
52
53        <service
53-->[com.yandex.android:maps.mobile:4.3.1-full] AndroidManifest.xml:29:9-32:72
54            android:name="com.evernote.android.job.patched.internal.v21.PlatformJobService"
54-->[com.yandex.android:maps.mobile:4.3.1-full] AndroidManifest.xml:30:13-92
55            android:exported="false"
55-->[com.yandex.android:maps.mobile:4.3.1-full] AndroidManifest.xml:31:13-37
56            android:permission="android.permission.BIND_JOB_SERVICE" />
56-->[com.yandex.android:maps.mobile:4.3.1-full] AndroidManifest.xml:32:13-69
57        <service
57-->[com.yandex.android:maps.mobile:4.3.1-full] AndroidManifest.xml:33:9-36:72
58            android:name="com.evernote.android.job.patched.internal.v14.PlatformAlarmService"
58-->[com.yandex.android:maps.mobile:4.3.1-full] AndroidManifest.xml:34:13-94
59            android:exported="false"
59-->[com.yandex.android:maps.mobile:4.3.1-full] AndroidManifest.xml:35:13-37
60            android:permission="android.permission.BIND_JOB_SERVICE" />
60-->[com.yandex.android:maps.mobile:4.3.1-full] AndroidManifest.xml:36:13-69
61        <service
61-->[com.yandex.android:maps.mobile:4.3.1-full] AndroidManifest.xml:37:9-39:40
62            android:name="com.evernote.android.job.patched.internal.v14.PlatformAlarmServiceExact"
62-->[com.yandex.android:maps.mobile:4.3.1-full] AndroidManifest.xml:38:13-99
63            android:exported="false" />
63-->[com.yandex.android:maps.mobile:4.3.1-full] AndroidManifest.xml:39:13-37
64
65        <receiver
65-->[com.yandex.android:maps.mobile:4.3.1-full] AndroidManifest.xml:41:9-50:20
66            android:name="com.evernote.android.job.patched.internal.v14.PlatformAlarmReceiver"
66-->[com.yandex.android:maps.mobile:4.3.1-full] AndroidManifest.xml:42:13-95
67            android:exported="false" >
67-->[com.yandex.android:maps.mobile:4.3.1-full] AndroidManifest.xml:43:13-37
68            <intent-filter>
68-->[com.yandex.android:maps.mobile:4.3.1-full] AndroidManifest.xml:44:13-49:29
69
70                <!-- Keep the filter for legacy intents -->
71                <action android:name="com.evernote.android.job.patched.internal.v14.RUN_JOB" />
71-->[com.yandex.android:maps.mobile:4.3.1-full] AndroidManifest.xml:47:17-96
71-->[com.yandex.android:maps.mobile:4.3.1-full] AndroidManifest.xml:47:25-93
72                <action android:name="net.vrallev.android.job.v14.RUN_JOB" />
72-->[com.yandex.android:maps.mobile:4.3.1-full] AndroidManifest.xml:48:17-78
72-->[com.yandex.android:maps.mobile:4.3.1-full] AndroidManifest.xml:48:25-75
73            </intent-filter>
74        </receiver>
75        <receiver
75-->[com.yandex.android:maps.mobile:4.3.1-full] AndroidManifest.xml:51:9-60:20
76            android:name="com.evernote.android.job.patched.internal.JobBootReceiver"
76-->[com.yandex.android:maps.mobile:4.3.1-full] AndroidManifest.xml:52:13-85
77            android:exported="false" >
77-->[com.yandex.android:maps.mobile:4.3.1-full] AndroidManifest.xml:53:13-37
78            <intent-filter>
78-->[com.yandex.android:maps.mobile:4.3.1-full] AndroidManifest.xml:54:13-59:29
79                <action android:name="android.intent.action.BOOT_COMPLETED" />
79-->[com.yandex.android:maps.mobile:4.3.1-full] AndroidManifest.xml:55:17-79
79-->[com.yandex.android:maps.mobile:4.3.1-full] AndroidManifest.xml:55:25-76
80                <action android:name="android.intent.action.QUICKBOOT_POWERON" />
80-->[com.yandex.android:maps.mobile:4.3.1-full] AndroidManifest.xml:56:17-82
80-->[com.yandex.android:maps.mobile:4.3.1-full] AndroidManifest.xml:56:25-79
81                <action android:name="com.htc.intent.action.QUICKBOOT_POWERON" />
81-->[com.yandex.android:maps.mobile:4.3.1-full] AndroidManifest.xml:57:17-82
81-->[com.yandex.android:maps.mobile:4.3.1-full] AndroidManifest.xml:57:25-79
82                <action android:name="android.intent.action.MY_PACKAGE_REPLACED" />
82-->[com.yandex.android:maps.mobile:4.3.1-full] AndroidManifest.xml:58:17-84
82-->[com.yandex.android:maps.mobile:4.3.1-full] AndroidManifest.xml:58:25-81
83            </intent-filter>
84        </receiver>
85
86        <service
86-->[com.yandex.android:maps.mobile:4.3.1-full] AndroidManifest.xml:62:9-65:72
87            android:name="com.evernote.android.job.patched.internal.JobRescheduleService"
87-->[com.yandex.android:maps.mobile:4.3.1-full] AndroidManifest.xml:63:13-90
88            android:exported="false"
88-->[com.yandex.android:maps.mobile:4.3.1-full] AndroidManifest.xml:64:13-37
89            android:permission="android.permission.BIND_JOB_SERVICE" />
89-->[com.yandex.android:maps.mobile:4.3.1-full] AndroidManifest.xml:65:13-69
90        <service
90-->[com.yandex.android:maps.mobile:4.3.1-full] AndroidManifest.xml:66:9-69:72
91            android:name="com.yandex.runtime.connectivity.internal.ConnectivityService"
91-->[com.yandex.android:maps.mobile:4.3.1-full] AndroidManifest.xml:67:13-88
92            android:exported="true"
92-->[com.yandex.android:maps.mobile:4.3.1-full] AndroidManifest.xml:68:13-36
93            android:permission="android.permission.BIND_JOB_SERVICE" />
93-->[com.yandex.android:maps.mobile:4.3.1-full] AndroidManifest.xml:69:13-69
94
95        <activity
95-->[com.google.android.gms:play-services-base:18.0.1] AndroidManifest.xml:20:9-22:45
96            android:name="com.google.android.gms.common.api.GoogleApiActivity"
96-->[com.google.android.gms:play-services-base:18.0.1] AndroidManifest.xml:20:19-85
97            android:exported="false"
97-->[com.google.android.gms:play-services-base:18.0.1] AndroidManifest.xml:22:19-43
98            android:theme="@android:style/Theme.Translucent.NoTitleBar" />
98-->[com.google.android.gms:play-services-base:18.0.1] AndroidManifest.xml:21:19-78
99
100        <meta-data
100-->[com.google.android.gms:play-services-basement:18.0.0] AndroidManifest.xml:21:9-23:69
101            android:name="com.google.android.gms.version"
101-->[com.google.android.gms:play-services-basement:18.0.0] AndroidManifest.xml:22:13-58
102            android:value="@integer/google_play_services_version" />
102-->[com.google.android.gms:play-services-basement:18.0.0] AndroidManifest.xml:23:13-66
103
104        <provider
104-->[androidx.emoji2:emoji2:1.3.0] AndroidManifest.xml:24:9-32:20
105            android:name="androidx.startup.InitializationProvider"
105-->[androidx.emoji2:emoji2:1.3.0] AndroidManifest.xml:25:13-67
106            android:authorities="ru.mirea.elkinasa.yandexmaps.androidx-startup"
106-->[androidx.emoji2:emoji2:1.3.0] AndroidManifest.xml:26:13-68
107            android:exported="false" >
107-->[androidx.emoji2:emoji2:1.3.0] AndroidManifest.xml:27:13-37
108            <meta-data
108-->[androidx.emoji2:emoji2:1.3.0] AndroidManifest.xml:29:13-31:52
109                android:name="androidx.emoji2.text.EmojiCompatInitializer"
109-->[androidx.emoji2:emoji2:1.3.0] AndroidManifest.xml:30:17-75
110                android:value="androidx.startup" />
110-->[androidx.emoji2:emoji2:1.3.0] AndroidManifest.xml:31:17-49
111            <meta-data
111-->[androidx.lifecycle:lifecycle-process:2.6.2] AndroidManifest.xml:29:13-31:52
112                android:name="androidx.lifecycle.ProcessLifecycleInitializer"
112-->[androidx.lifecycle:lifecycle-process:2.6.2] AndroidManifest.xml:30:17-78
113                android:value="androidx.startup" />
113-->[androidx.lifecycle:lifecycle-process:2.6.2] AndroidManifest.xml:31:17-49
114            <meta-data
114-->[androidx.profileinstaller:profileinstaller:1.4.0] AndroidManifest.xml:29:13-31:52
115                android:name="androidx.profileinstaller.ProfileInstallerInitializer"
115-->[androidx.profileinstaller:profileinstaller:1.4.0] AndroidManifest.xml:30:17-85
116                android:value="androidx.startup" />
116-->[androidx.profileinstaller:profileinstaller:1.4.0] AndroidManifest.xml:31:17-49
117        </provider>
118
119        <receiver
119-->[androidx.profileinstaller:profileinstaller:1.4.0] AndroidManifest.xml:34:9-52:20
120            android:name="androidx.profileinstaller.ProfileInstallReceiver"
120-->[androidx.profileinstaller:profileinstaller:1.4.0] AndroidManifest.xml:35:13-76
121            android:directBootAware="false"
121-->[androidx.profileinstaller:profileinstaller:1.4.0] AndroidManifest.xml:36:13-44
122            android:enabled="true"
122-->[androidx.profileinstaller:profileinstaller:1.4.0] AndroidManifest.xml:37:13-35
123            android:exported="true"
123-->[androidx.profileinstaller:profileinstaller:1.4.0] AndroidManifest.xml:38:13-36
124            android:permission="android.permission.DUMP" >
124-->[androidx.profileinstaller:profileinstaller:1.4.0] AndroidManifest.xml:39:13-57
125            <intent-filter>
125-->[androidx.profileinstaller:profileinstaller:1.4.0] AndroidManifest.xml:40:13-42:29
126                <action android:name="androidx.profileinstaller.action.INSTALL_PROFILE" />
126-->[androidx.profileinstaller:profileinstaller:1.4.0] AndroidManifest.xml:41:17-91
126-->[androidx.profileinstaller:profileinstaller:1.4.0] AndroidManifest.xml:41:25-88
127            </intent-filter>
128            <intent-filter>
128-->[androidx.profileinstaller:profileinstaller:1.4.0] AndroidManifest.xml:43:13-45:29
129                <action android:name="androidx.profileinstaller.action.SKIP_FILE" />
129-->[androidx.profileinstaller:profileinstaller:1.4.0] AndroidManifest.xml:44:17-85
129-->[androidx.profileinstaller:profileinstaller:1.4.0] AndroidManifest.xml:44:25-82
130            </intent-filter>
131            <intent-filter>
131-->[androidx.profileinstaller:profileinstaller:1.4.0] AndroidManifest.xml:46:13-48:29
132                <action android:name="androidx.profileinstaller.action.SAVE_PROFILE" />
132-->[androidx.profileinstaller:profileinstaller:1.4.0] AndroidManifest.xml:47:17-88
132-->[androidx.profileinstaller:profileinstaller:1.4.0] AndroidManifest.xml:47:25-85
133            </intent-filter>
134            <intent-filter>
134-->[androidx.profileinstaller:profileinstaller:1.4.0] AndroidManifest.xml:49:13-51:29
135                <action android:name="androidx.profileinstaller.action.BENCHMARK_OPERATION" />
135-->[androidx.profileinstaller:profileinstaller:1.4.0] AndroidManifest.xml:50:17-95
135-->[androidx.profileinstaller:profileinstaller:1.4.0] AndroidManifest.xml:50:25-92
136            </intent-filter>
137        </receiver>
138    </application>
139
140</manifest>